1740809795.550690 client started (40593): version 3.5a, socket /private/tmp/tmux-501/default, protocol 8
1740809795.550752 on Darwin 24.3.0 Darwin Kernel Version 24.3.0: Thu Jan  2 20:24:23 PST 2025; root:xnu-11215.81.4~3/RELEASE_ARM64_T8122
1740809795.550763 using libevent 2.1.12-stable select
1740809795.550787 using utf8proc 2.10.0
1740809795.550792 using ncurses 6.5 20240427
1740809795.550806 flags are 0x10010000
1740809795.550811 socket is /private/tmp/tmux-501/default
1740809795.550823 trying connect
1740809795.550870 add peer 0x138008000: 6 (0x0)
1740809795.553313 sending message 111 to peer 0x138008000 (8 bytes)
1740809795.553323 sending message 111 to peer 0x138008000 (8 bytes)
1740809795.553328 sending message 101 to peer 0x138008000 (15 bytes)
1740809795.553332 sending message 109 to peer 0x138008000 (4 bytes)
1740809795.553335 sending message 102 to peer 0x138008000 (13 bytes)
1740809795.553339 sending message 108 to peer 0x138008000 (28 bytes)
1740809795.553343 sending message 112 to peer 0x138008000 (58 bytes)
1740809795.553347 sending message 112 to peer 0x138008000 (5 bytes)
1740809795.553351 sending message 112 to peer 0x138008000 (5 bytes)
1740809795.553354 sending message 112 to peer 0x138008000 (6 bytes)
1740809795.553358 sending message 112 to peer 0x138008000 (6 bytes)
1740809795.553361 sending message 112 to peer 0x138008000 (11 bytes)
1740809795.553365 sending message 112 to peer 0x138008000 (10 bytes)
1740809795.553369 sending message 112 to peer 0x138008000 (13 bytes)
1740809795.553373 sending message 112 to peer 0x138008000 (14 bytes)
1740809795.553376 sending message 112 to peer 0x138008000 (19 bytes)
1740809795.553380 sending message 112 to peer 0x138008000 (11 bytes)
1740809795.553383 sending message 112 to peer 0x138008000 (10 bytes)
1740809795.553387 sending message 112 to peer 0x138008000 (15 bytes)
1740809795.553391 sending message 112 to peer 0x138008000 (21 bytes)
1740809795.553394 sending message 112 to peer 0x138008000 (13 bytes)
1740809795.553398 sending message 112 to peer 0x138008000 (7 bytes)
1740809795.553401 sending message 112 to peer 0x138008000 (13 bytes)
1740809795.553405 sending message 112 to peer 0x138008000 (7 bytes)
1740809795.553408 sending message 112 to peer 0x138008000 (13 bytes)
1740809795.553412 sending message 112 to peer 0x138008000 (9 bytes)
1740809795.553415 sending message 112 to peer 0x138008000 (21 bytes)
1740809795.553419 sending message 112 to peer 0x138008000 (13 bytes)
1740809795.553422 sending message 112 to peer 0x138008000 (9 bytes)
1740809795.553426 sending message 112 to peer 0x138008000 (16 bytes)
1740809795.553429 sending message 112 to peer 0x138008000 (13 bytes)
1740809795.553433 sending message 112 to peer 0x138008000 (9 bytes)
1740809795.553436 sending message 112 to peer 0x138008000 (9 bytes)
1740809795.553440 sending message 112 to peer 0x138008000 (12 bytes)
1740809795.553444 sending message 112 to peer 0x138008000 (8 bytes)
1740809795.553447 sending message 112 to peer 0x138008000 (8 bytes)
1740809795.553451 sending message 112 to peer 0x138008000 (13 bytes)
1740809795.553454 sending message 112 to peer 0x138008000 (7 bytes)
1740809795.553458 sending message 112 to peer 0x138008000 (7 bytes)
1740809795.553462 sending message 112 to peer 0x138008000 (9 bytes)
1740809795.553465 sending message 112 to peer 0x138008000 (9 bytes)
1740809795.553469 sending message 112 to peer 0x138008000 (15 bytes)
1740809795.553472 sending message 112 to peer 0x138008000 (13 bytes)
1740809795.553476 sending message 112 to peer 0x138008000 (12 bytes)
1740809795.553479 sending message 112 to peer 0x138008000 (8 bytes)
1740809795.553483 sending message 112 to peer 0x138008000 (14 bytes)
1740809795.553486 sending message 112 to peer 0x138008000 (11 bytes)
1740809795.553490 sending message 112 to peer 0x138008000 (9 bytes)
1740809795.553494 sending message 112 to peer 0x138008000 (10 bytes)
1740809795.553497 sending message 112 to peer 0x138008000 (10 bytes)
1740809795.553501 sending message 112 to peer 0x138008000 (10 bytes)
1740809795.553504 sending message 112 to peer 0x138008000 (10 bytes)
1740809795.553516 sending message 112 to peer 0x138008000 (11 bytes)
1740809795.553519 sending message 112 to peer 0x138008000 (12 bytes)
1740809795.553521 sending message 112 to peer 0x138008000 (12 bytes)
1740809795.553524 sending message 112 to peer 0x138008000 (12 bytes)
1740809795.553526 sending message 112 to peer 0x138008000 (12 bytes)
1740809795.553529 sending message 112 to peer 0x138008000 (12 bytes)
1740809795.553531 sending message 112 to peer 0x138008000 (11 bytes)
1740809795.553534 sending message 112 to peer 0x138008000 (11 bytes)
1740809795.553537 sending message 112 to peer 0x138008000 (12 bytes)
1740809795.553539 sending message 112 to peer 0x138008000 (12 bytes)
1740809795.553541 sending message 112 to peer 0x138008000 (12 bytes)
1740809795.553544 sending message 112 to peer 0x138008000 (12 bytes)
1740809795.553546 sending message 112 to peer 0x138008000 (12 bytes)
1740809795.553549 sending message 112 to peer 0x138008000 (9 bytes)
1740809795.553552 sending message 112 to peer 0x138008000 (12 bytes)
1740809795.553554 sending message 112 to peer 0x138008000 (13 bytes)
1740809795.553556 sending message 112 to peer 0x138008000 (13 bytes)
1740809795.553559 sending message 112 to peer 0x138008000 (13 bytes)
1740809795.553561 sending message 112 to peer 0x138008000 (13 bytes)
1740809795.553564 sending message 112 to peer 0x138008000 (13 bytes)
1740809795.553567 sending message 112 to peer 0x138008000 (8 bytes)
1740809795.553569 sending message 112 to peer 0x138008000 (11 bytes)
1740809795.553572 sending message 112 to peer 0x138008000 (11 bytes)
1740809795.553574 sending message 112 to peer 0x138008000 (11 bytes)
1740809795.553577 sending message 112 to peer 0x138008000 (12 bytes)
1740809795.553579 sending message 112 to peer 0x138008000 (12 bytes)
1740809795.553582 sending message 112 to peer 0x138008000 (12 bytes)
1740809795.553585 sending message 112 to peer 0x138008000 (12 bytes)
1740809795.553587 sending message 112 to peer 0x138008000 (13 bytes)
1740809795.553590 sending message 112 to peer 0x138008000 (13 bytes)
1740809795.553592 sending message 112 to peer 0x138008000 (13 bytes)
1740809795.553595 sending message 112 to peer 0x138008000 (8 bytes)
1740809795.553597 sending message 112 to peer 0x138008000 (13 bytes)
1740809795.553600 sending message 112 to peer 0x138008000 (13 bytes)
1740809795.553602 sending message 112 to peer 0x138008000 (13 bytes)
1740809795.553605 sending message 112 to peer 0x138008000 (13 bytes)
1740809795.553608 sending message 112 to peer 0x138008000 (13 bytes)
1740809795.553610 sending message 112 to peer 0x138008000 (12 bytes)
1740809795.553613 sending message 112 to peer 0x138008000 (12 bytes)
1740809795.553615 sending message 112 to peer 0x138008000 (12 bytes)
1740809795.553618 sending message 112 to peer 0x138008000 (12 bytes)
1740809795.553620 sending message 112 to peer 0x138008000 (13 bytes)
1740809795.553623 sending message 112 to peer 0x138008000 (8 bytes)
1740809795.553625 sending message 112 to peer 0x138008000 (13 bytes)
1740809795.553628 sending message 112 to peer 0x138008000 (13 bytes)
1740809795.553630 sending message 112 to peer 0x138008000 (13 bytes)
1740809795.553632 sending message 112 to peer 0x138008000 (13 bytes)
1740809795.553635 sending message 112 to peer 0x138008000 (13 bytes)
1740809795.553638 sending message 112 to peer 0x138008000 (13 bytes)
1740809795.553640 sending message 112 to peer 0x138008000 (13 bytes)
1740809795.553643 sending message 112 to peer 0x138008000 (12 bytes)
1740809795.553645 sending message 112 to peer 0x138008000 (12 bytes)
1740809795.553648 sending message 112 to peer 0x138008000 (12 bytes)
1740809795.553650 sending message 112 to peer 0x138008000 (8 bytes)
1740809795.553653 sending message 112 to peer 0x138008000 (12 bytes)
1740809795.553655 sending message 112 to peer 0x138008000 (13 bytes)
1740809795.553658 sending message 112 to peer 0x138008000 (13 bytes)
1740809795.553660 sending message 112 to peer 0x138008000 (13 bytes)
1740809795.553662 sending message 112 to peer 0x138008000 (13 bytes)
1740809795.553665 sending message 112 to peer 0x138008000 (13 bytes)
1740809795.553673 sending message 112 to peer 0x138008000 (13 bytes)
1740809795.553675 sending message 112 to peer 0x138008000 (13 bytes)
1740809795.553678 sending message 112 to peer 0x138008000 (13 bytes)
1740809795.553680 sending message 112 to peer 0x138008000 (12 bytes)
1740809795.553683 sending message 112 to peer 0x138008000 (10 bytes)
1740809795.553685 sending message 112 to peer 0x138008000 (12 bytes)
1740809795.553688 sending message 112 to peer 0x138008000 (12 bytes)
1740809795.553690 sending message 112 to peer 0x138008000 (12 bytes)
1740809795.553693 sending message 112 to peer 0x138008000 (13 bytes)
1740809795.553695 sending message 112 to peer 0x138008000 (13 bytes)
1740809795.553698 sending message 112 to peer 0x138008000 (13 bytes)
1740809795.553700 sending message 112 to peer 0x138008000 (13 bytes)
1740809795.553703 sending message 112 to peer 0x138008000 (13 bytes)
1740809795.553705 sending message 112 to peer 0x138008000 (13 bytes)
1740809795.553707 sending message 112 to peer 0x138008000 (13 bytes)
1740809795.553710 sending message 112 to peer 0x138008000 (10 bytes)
1740809795.553712 sending message 112 to peer 0x138008000 (13 bytes)
1740809795.553715 sending message 112 to peer 0x138008000 (12 bytes)
1740809795.553717 sending message 112 to peer 0x138008000 (12 bytes)
1740809795.553720 sending message 112 to peer 0x138008000 (12 bytes)
1740809795.553722 sending message 112 to peer 0x138008000 (10 bytes)
1740809795.553725 sending message 112 to peer 0x138008000 (10 bytes)
1740809795.553727 sending message 112 to peer 0x138008000 (10 bytes)
1740809795.553730 sending message 112 to peer 0x138008000 (12 bytes)
1740809795.553732 sending message 112 to peer 0x138008000 (13 bytes)
1740809795.553734 sending message 112 to peer 0x138008000 (13 bytes)
1740809795.553737 sending message 112 to peer 0x138008000 (13 bytes)
1740809795.553739 sending message 112 to peer 0x138008000 (13 bytes)
1740809795.553742 sending message 112 to peer 0x138008000 (13 bytes)
1740809795.553744 sending message 112 to peer 0x138008000 (10 bytes)
1740809795.553747 sending message 112 to peer 0x138008000 (11 bytes)
1740809795.553749 sending message 112 to peer 0x138008000 (12 bytes)
1740809795.553752 sending message 112 to peer 0x138008000 (12 bytes)
1740809795.553754 sending message 112 to peer 0x138008000 (12 bytes)
1740809795.553757 sending message 112 to peer 0x138008000 (12 bytes)
1740809795.553759 sending message 112 to peer 0x138008000 (12 bytes)
1740809795.553761 sending message 112 to peer 0x138008000 (11 bytes)
1740809795.553764 sending message 112 to peer 0x138008000 (12 bytes)
1740809795.553766 sending message 112 to peer 0x138008000 (12 bytes)
1740809795.553769 sending message 112 to peer 0x138008000 (13 bytes)
1740809795.553771 sending message 112 to peer 0x138008000 (13 bytes)
1740809795.553774 sending message 112 to peer 0x138008000 (13 bytes)
1740809795.553776 sending message 112 to peer 0x138008000 (13 bytes)
1740809795.553779 sending message 112 to peer 0x138008000 (13 bytes)
1740809795.553781 sending message 112 to peer 0x138008000 (10 bytes)
1740809795.553784 sending message 112 to peer 0x138008000 (9 bytes)
1740809795.553786 sending message 112 to peer 0x138008000 (12 bytes)
1740809795.553789 sending message 112 to peer 0x138008000 (13 bytes)
1740809795.553792 sending message 112 to peer 0x138008000 (13 bytes)
1740809795.553794 sending message 112 to peer 0x138008000 (13 bytes)
1740809795.553797 sending message 112 to peer 0x138008000 (13 bytes)
1740809795.553799 sending message 112 to peer 0x138008000 (13 bytes)
1740809795.553802 sending message 112 to peer 0x138008000 (9 bytes)
1740809795.553804 sending message 112 to peer 0x138008000 (12 bytes)
1740809795.553807 sending message 112 to peer 0x138008000 (13 bytes)
1740809795.553809 sending message 112 to peer 0x138008000 (13 bytes)
1740809795.553811 sending message 112 to peer 0x138008000 (13 bytes)
1740809795.553814 sending message 112 to peer 0x138008000 (13 bytes)
1740809795.553818 sending message 112 to peer 0x138008000 (13 bytes)
1740809795.553825 sending message 112 to peer 0x138008000 (11 bytes)
1740809795.553827 sending message 112 to peer 0x138008000 (12 bytes)
1740809795.553830 sending message 112 to peer 0x138008000 (13 bytes)
1740809795.553833 sending message 112 to peer 0x138008000 (13 bytes)
1740809795.553835 sending message 112 to peer 0x138008000 (13 bytes)
1740809795.553838 sending message 112 to peer 0x138008000 (13 bytes)
1740809795.553841 sending message 112 to peer 0x138008000 (13 bytes)
1740809795.553843 sending message 112 to peer 0x138008000 (11 bytes)
1740809795.553846 sending message 112 to peer 0x138008000 (12 bytes)
1740809795.553848 sending message 112 to peer 0x138008000 (12 bytes)
1740809795.553851 sending message 112 to peer 0x138008000 (12 bytes)
1740809795.553854 sending message 112 to peer 0x138008000 (12 bytes)
1740809795.553857 sending message 112 to peer 0x138008000 (12 bytes)
1740809795.553859 sending message 112 to peer 0x138008000 (21 bytes)
1740809795.553862 sending message 112 to peer 0x138008000 (12 bytes)
1740809795.553865 sending message 112 to peer 0x138008000 (9 bytes)
1740809795.553867 sending message 112 to peer 0x138008000 (6 bytes)
1740809795.553870 sending message 112 to peer 0x138008000 (13 bytes)
1740809795.553873 sending message 112 to peer 0x138008000 (10 bytes)
1740809795.553875 sending message 112 to peer 0x138008000 (15 bytes)
1740809795.553878 sending message 112 to peer 0x138008000 (13 bytes)
1740809795.553880 sending message 112 to peer 0x138008000 (9 bytes)
1740809795.553883 sending message 112 to peer 0x138008000 (70 bytes)
1740809795.553886 sending message 112 to peer 0x138008000 (69 bytes)
1740809795.553888 sending message 112 to peer 0x138008000 (73 bytes)
1740809795.553891 sending message 112 to peer 0x138008000 (12 bytes)
1740809795.553894 sending message 112 to peer 0x138008000 (10 bytes)
1740809795.553896 sending message 112 to peer 0x138008000 (10 bytes)
1740809795.553899 sending message 112 to peer 0x138008000 (15 bytes)
1740809795.553901 sending message 112 to peer 0x138008000 (13 bytes)
1740809795.553904 sending message 112 to peer 0x138008000 (10 bytes)
1740809795.553906 sending message 112 to peer 0x138008000 (10 bytes)
1740809795.553909 sending message 112 to peer 0x138008000 (17 bytes)
1740809795.553911 sending message 112 to peer 0x138008000 (13 bytes)
1740809795.553914 sending message 112 to peer 0x138008000 (15 bytes)
1740809795.553916 sending message 112 to peer 0x138008000 (5 bytes)
1740809795.553920 sending message 104 to peer 0x138008000 (0 bytes)
1740809795.553922 sending message 110 to peer 0x138008000 (0 bytes)
1740809795.553925 sending message 107 to peer 0x138008000 (4 bytes)
1740809795.553928 sending message 105 to peer 0x138008000 (66 bytes)
1740809795.553930 sending message 105 to peer 0x138008000 (13 bytes)
1740809795.553933 sending message 105 to peer 0x138008000 (86 bytes)
1740809795.553935 sending message 105 to peer 0x138008000 (12 bytes)
1740809795.553938 sending message 105 to peer 0x138008000 (15 bytes)
1740809795.553941 sending message 105 to peer 0x138008000 (55 bytes)
1740809795.553943 sending message 105 to peer 0x138008000 (44 bytes)
1740809795.553946 sending message 105 to peer 0x138008000 (24 bytes)
1740809795.553949 sending message 105 to peer 0x138008000 (60 bytes)
1740809795.553951 sending message 105 to peer 0x138008000 (35 bytes)
1740809795.553954 sending message 105 to peer 0x138008000 (20 bytes)
1740809795.553957 sending message 105 to peer 0x138008000 (45 bytes)
1740809795.553959 sending message 105 to peer 0x138008000 (57 bytes)
1740809795.553962 sending message 105 to peer 0x138008000 (14 bytes)
1740809795.553964 sending message 105 to peer 0x138008000 (43 bytes)
1740809795.553967 sending message 105 to peer 0x138008000 (19 bytes)
1740809795.553969 sending message 105 to peer 0x138008000 (28 bytes)
1740809795.553972 sending message 105 to peer 0x138008000 (37 bytes)
1740809795.553974 sending message 105 to peer 0x138008000 (60 bytes)
1740809795.553977 sending message 105 to peer 0x138008000 (32 bytes)
1740809795.553985 sending message 105 to peer 0x138008000 (15 bytes)
1740809795.553988 sending message 105 to peer 0x138008000 (30 bytes)
1740809795.553991 sending message 105 to peer 0x138008000 (1006 bytes)
1740809795.553994 sending message 105 to peer 0x138008000 (16 bytes)
1740809795.553997 sending message 105 to peer 0x138008000 (16 bytes)
1740809795.553999 sending message 105 to peer 0x138008000 (13 bytes)
1740809795.554002 sending message 105 to peer 0x138008000 (18 bytes)
1740809795.554004 sending message 105 to peer 0x138008000 (20 bytes)
1740809795.554007 sending message 105 to peer 0x138008000 (42 bytes)
1740809795.554009 sending message 105 to peer 0x138008000 (14 bytes)
1740809795.554012 sending message 105 to peer 0x138008000 (34 bytes)
1740809795.554014 sending message 105 to peer 0x138008000 (22 bytes)
1740809795.554017 sending message 105 to peer 0x138008000 (17 bytes)
1740809795.554019 sending message 105 to peer 0x138008000 (16 bytes)
1740809795.554022 sending message 105 to peer 0x138008000 (26 bytes)
1740809795.554024 sending message 105 to peer 0x138008000 (20 bytes)
1740809795.554027 sending message 105 to peer 0x138008000 (16 bytes)
1740809795.554032 sending message 105 to peer 0x138008000 (28 bytes)
1740809795.554035 sending message 105 to peer 0x138008000 (22 bytes)
1740809795.554037 sending message 105 to peer 0x138008000 (87 bytes)
1740809795.554040 sending message 105 to peer 0x138008000 (23 bytes)
1740809795.554042 sending message 105 to peer 0x138008000 (45 bytes)
1740809795.554045 sending message 105 to peer 0x138008000 (51 bytes)
1740809795.554048 sending message 105 to peer 0x138008000 (27 bytes)
1740809795.554050 sending message 105 to peer 0x138008000 (8 bytes)
1740809795.554053 sending message 105 to peer 0x138008000 (38 bytes)
1740809795.554055 sending message 105 to peer 0x138008000 (61 bytes)
1740809795.554058 sending message 105 to peer 0x138008000 (64 bytes)
1740809795.554061 sending message 105 to peer 0x138008000 (26 bytes)
1740809795.554063 sending message 105 to peer 0x138008000 (19 bytes)
1740809795.554066 sending message 105 to peer 0x138008000 (10 bytes)
1740809795.554068 sending message 105 to peer 0x138008000 (43 bytes)
1740809795.554071 sending message 105 to peer 0x138008000 (42 bytes)
1740809795.554073 sending message 105 to peer 0x138008000 (25 bytes)
1740809795.554076 sending message 106 to peer 0x138008000 (0 bytes)
1740809795.554126 sending message 200 to peer 0x138008000 (4 bytes)
1740809795.554130 client loop enter
1740809795.556479 peer 0x138008000 message 207
1740809795.556526 sending message 208 to peer 0x138008000 (0 bytes)
1740809825.551555 peer 0x138008000 message 203
1740809825.551583 sending message 205 to peer 0x138008000 (0 bytes)
1740809825.551823 peer 0x138008000 message 204
1740809825.551834 client loop exit
